2020-07-28 18:45:28.032 [ restartedMain ] - [ INFO  ] [ com.simon.blog.BlogApplication : 55 ] - Starting BlogApplication on Simon with PID 14728 (D:\developProject\my-project\blog\target\classes started by 吴倩 in D:\developProject\my-project\blog)
2020-07-28 18:45:28.050 [ restartedMain ] - [ DEBUG ] [ com.simon.blog.BlogApplication : 56 ] - Running with Spring Boot v2.3.1.RELEASE, Spring v5.2.7.RELEASE
2020-07-28 18:45:28.053 [ restartedMain ] - [ INFO  ] [ com.simon.blog.BlogApplication : 651 ] - No active profile set, falling back to default profiles: default
2020-07-28 18:45:30.485 [ restartedMain ] - [ INFO  ] [ org.apache.coyote.http11.Http11NioProtocol : 173 ] - Initializing ProtocolHandler ["http-nio-8801"]
2020-07-28 18:45:30.487 [ restartedMain ] - [ INFO  ] [ org.apache.catalina.core.StandardService : 173 ] - Starting service [Tomcat]
2020-07-28 18:45:30.487 [ restartedMain ] - [ INFO  ] [ org.apache.catalina.core.StandardEngine : 173 ] - Starting Servlet engine: [Apache Tomcat/9.0.36]
2020-07-28 18:45:30.581 [ restartedMain ] - [ INFO  ] [ o.a.c.core.ContainerBase.[Tomcat].[localhost].[/] : 173 ] - Initializing Spring embedded WebApplicationContext
2020-07-28 18:45:31.028 [ restartedMain ] - [ WARN  ] [ c.b.mybatisplus.core.metadata.TableInfoHelper : 301 ] - Can not find table primary key in Class: "com.simon.blog.pojo.BlogTagRelation".
2020-07-28 18:45:33.429 [ restartedMain ] - [ INFO  ] [ org.apache.coyote.http11.Http11NioProtocol : 173 ] - Starting ProtocolHandler ["http-nio-8801"]
2020-07-28 18:45:33.475 [ restartedMain ] - [ INFO  ] [ com.simon.blog.BlogApplication : 61 ] - Started BlogApplication in 6.49 seconds (JVM running for 8.061)
2020-07-28 18:45:41.315 [ http-nio-8801-exec-1 ] - [ INFO  ] [ o.a.c.core.ContainerBase.[Tomcat].[localhost].[/] : 173 ] - Initializing Spring DispatcherServlet 'dispatcherServlet'
2020-07-28 18:45:41.418 [ http-nio-8801-exec-1 ] - [ INFO  ] [ com.simon.blog.Aspact.LogAspact : 45 ] - Requect : {url='http://localhost:8801/', ip='0:0:0:0:0:0:0:1', classMethod='com.simon.blog.web.IndexController.index', args=[{}, org.apache.catalina.connector.RequestFacade@73b810f8]}
2020-07-28 18:45:41.573 [ http-nio-8801-exec-1 ] - [ INFO  ] [ com.zaxxer.hikari.HikariDataSource : 110 ] - HikariPool-1 - Starting...
2020-07-28 18:45:41.886 [ http-nio-8801-exec-1 ] - [ INFO  ] [ com.zaxxer.hikari.HikariDataSource : 123 ] - HikariPool-1 - Start completed.
2020-07-28 18:45:41.939 [ http-nio-8801-exec-1 ] - [ DEBUG ] [ com.simon.blog.dao.BlogMapper.selectPage : 143 ] - ==>  Preparing: SELECT COUNT(1) FROM t_blog 
2020-07-28 18:45:41.968 [ http-nio-8801-exec-1 ] - [ DEBUG ] [ com.simon.blog.dao.BlogMapper.selectPage : 143 ] - ==> Parameters: 
2020-07-28 18:45:42.061 [ http-nio-8801-exec-1 ] - [ DEBUG ] [ com.simon.blog.dao.BlogMapper.selectPage : 143 ] - ==>  Preparing: SELECT id,title,description,content,firstPicture,flag,views,appreciation,shareStatement,commentabled,published,recommend,createTime,updateTime,type_id,user_id,type_name FROM t_blog LIMIT ?,? 
2020-07-28 18:45:42.063 [ http-nio-8801-exec-1 ] - [ DEBUG ] [ com.simon.blog.dao.BlogMapper.selectPage : 143 ] - ==> Parameters: 0(Long), 3(Long)
2020-07-28 18:45:42.080 [ http-nio-8801-exec-1 ] - [ DEBUG ] [ com.simon.blog.dao.BlogMapper.selectPage : 143 ] - <==      Total: 3
2020-07-28 18:45:42.086 [ http-nio-8801-exec-1 ] - [ DEBUG ] [ com.simon.blog.dao.UserMapper.selectById : 143 ] - ==>  Preparing: SELECT id,nickName,userName,password,email,avatar,type,createTime FROM t_user WHERE id=? 
2020-07-28 18:45:42.086 [ http-nio-8801-exec-1 ] - [ DEBUG ] [ com.simon.blog.dao.UserMapper.selectById : 143 ] - ==> Parameters: 1(Long)
2020-07-28 18:45:42.093 [ http-nio-8801-exec-1 ] - [ DEBUG ] [ com.simon.blog.dao.UserMapper.selectById : 143 ] - <==      Total: 1
2020-07-28 18:45:42.096 [ http-nio-8801-exec-1 ] - [ DEBUG ] [ com.simon.blog.dao.BlogMapper.findCountTypeName : 143 ] - ==>  Preparing: select type_id,type_name, count(*) as 'count' from t_blog group by type_id order by count(*) DESC limit 5 
2020-07-28 18:45:42.097 [ http-nio-8801-exec-1 ] - [ DEBUG ] [ com.simon.blog.dao.BlogMapper.findCountTypeName : 143 ] - ==> Parameters: 
2020-07-28 18:45:42.102 [ http-nio-8801-exec-1 ] - [ DEBUG ] [ com.simon.blog.dao.BlogMapper.findCountTypeName : 143 ] - <==      Total: 3
2020-07-28 18:45:42.144 [ http-nio-8801-exec-1 ] - [ DEBUG ] [ com.simon.blog.dao.BlogMapper.selectList : 143 ] - ==>  Preparing: SELECT id,title,description,content,firstPicture,flag,views,appreciation,shareStatement,commentabled,published,recommend,createTime,updateTime,type_id,user_id,type_name FROM t_blog WHERE (recommend = ?) 
2020-07-28 18:45:42.145 [ http-nio-8801-exec-1 ] - [ DEBUG ] [ com.simon.blog.dao.BlogMapper.selectList : 143 ] - ==> Parameters: 1(Integer)
2020-07-28 18:45:42.153 [ http-nio-8801-exec-1 ] - [ DEBUG ] [ com.simon.blog.dao.BlogMapper.selectList : 143 ] - <==      Total: 4
2020-07-28 18:45:42.166 [ http-nio-8801-exec-1 ] - [ DEBUG ] [ com.simon.blog.dao.BlogTagMapper.findCountTag : 143 ] - ==>  Preparing: select t_tag_id, COUNT(*) AS `count` from t_blog_tag group by t_tag_id order by count(*) DESC LIMIT 10 
2020-07-28 18:45:42.168 [ http-nio-8801-exec-1 ] - [ DEBUG ] [ com.simon.blog.dao.BlogTagMapper.findCountTag : 143 ] - ==> Parameters: 
2020-07-28 18:45:42.174 [ http-nio-8801-exec-1 ] - [ DEBUG ] [ com.simon.blog.dao.BlogTagMapper.findCountTag : 143 ] - <==      Total: 4
2020-07-28 18:45:42.176 [ http-nio-8801-exec-1 ] - [ DEBUG ] [ com.simon.blog.dao.TagMapper.selectById : 143 ] - ==>  Preparing: SELECT id,name FROM t_tag WHERE id=? 
2020-07-28 18:45:42.177 [ http-nio-8801-exec-1 ] - [ DEBUG ] [ com.simon.blog.dao.TagMapper.selectById : 143 ] - ==> Parameters: 1(Long)
2020-07-28 18:45:42.181 [ http-nio-8801-exec-1 ] - [ DEBUG ] [ com.simon.blog.dao.TagMapper.selectById : 143 ] - <==      Total: 1
2020-07-28 18:45:42.183 [ http-nio-8801-exec-1 ] - [ DEBUG ] [ com.simon.blog.dao.TagMapper.selectById : 143 ] - ==>  Preparing: SELECT id,name FROM t_tag WHERE id=? 
2020-07-28 18:45:42.183 [ http-nio-8801-exec-1 ] - [ DEBUG ] [ com.simon.blog.dao.TagMapper.selectById : 143 ] - ==> Parameters: 4(Long)
2020-07-28 18:45:42.185 [ http-nio-8801-exec-1 ] - [ DEBUG ] [ com.simon.blog.dao.TagMapper.selectById : 143 ] - <==      Total: 1
2020-07-28 18:45:42.188 [ http-nio-8801-exec-1 ] - [ DEBUG ] [ com.simon.blog.dao.TagMapper.selectById : 143 ] - ==>  Preparing: SELECT id,name FROM t_tag WHERE id=? 
2020-07-28 18:45:42.189 [ http-nio-8801-exec-1 ] - [ DEBUG ] [ com.simon.blog.dao.TagMapper.selectById : 143 ] - ==> Parameters: 7(Long)
2020-07-28 18:45:42.191 [ http-nio-8801-exec-1 ] - [ DEBUG ] [ com.simon.blog.dao.TagMapper.selectById : 143 ] - <==      Total: 1
2020-07-28 18:45:42.192 [ http-nio-8801-exec-1 ] - [ DEBUG ] [ com.simon.blog.dao.TagMapper.selectById : 143 ] - ==>  Preparing: SELECT id,name FROM t_tag WHERE id=? 
2020-07-28 18:45:42.193 [ http-nio-8801-exec-1 ] - [ DEBUG ] [ com.simon.blog.dao.TagMapper.selectById : 143 ] - ==> Parameters: 8(Long)
2020-07-28 18:45:42.194 [ http-nio-8801-exec-1 ] - [ DEBUG ] [ com.simon.blog.dao.TagMapper.selectById : 143 ] - <==      Total: 1
2020-07-28 18:45:42.195 [ http-nio-8801-exec-1 ] - [ INFO  ] [ com.simon.blog.Aspact.LogAspact : 58 ] - result : index
2020-07-28 18:45:49.350 [ http-nio-8801-exec-8 ] - [ INFO  ] [ com.simon.blog.Aspact.LogAspact : 45 ] - Requect : {url='http://localhost:8801/', ip='0:0:0:0:0:0:0:1', classMethod='com.simon.blog.web.IndexController.index', args=[{}, org.apache.catalina.connector.RequestFacade@7b6d589b]}
2020-07-28 18:45:49.357 [ http-nio-8801-exec-8 ] - [ DEBUG ] [ com.simon.blog.dao.BlogMapper.selectPage : 143 ] - ==>  Preparing: SELECT COUNT(1) FROM t_blog 
2020-07-28 18:45:49.357 [ http-nio-8801-exec-8 ] - [ DEBUG ] [ com.simon.blog.dao.BlogMapper.selectPage : 143 ] - ==> Parameters: 
2020-07-28 18:45:49.359 [ http-nio-8801-exec-8 ] - [ DEBUG ] [ com.simon.blog.dao.BlogMapper.selectPage : 143 ] - ==>  Preparing: SELECT id,title,description,content,firstPicture,flag,views,appreciation,shareStatement,commentabled,published,recommend,createTime,updateTime,type_id,user_id,type_name FROM t_blog LIMIT ?,? 
2020-07-28 18:45:49.361 [ http-nio-8801-exec-8 ] - [ DEBUG ] [ com.simon.blog.dao.BlogMapper.selectPage : 143 ] - ==> Parameters: 3(Long), 3(Long)
2020-07-28 18:45:49.365 [ http-nio-8801-exec-8 ] - [ DEBUG ] [ com.simon.blog.dao.BlogMapper.selectPage : 143 ] - <==      Total: 1
2020-07-28 18:45:49.366 [ http-nio-8801-exec-8 ] - [ DEBUG ] [ com.simon.blog.dao.UserMapper.selectById : 143 ] - ==>  Preparing: SELECT id,nickName,userName,password,email,avatar,type,createTime FROM t_user WHERE id=? 
2020-07-28 18:45:49.367 [ http-nio-8801-exec-8 ] - [ DEBUG ] [ com.simon.blog.dao.UserMapper.selectById : 143 ] - ==> Parameters: 1(Long)
2020-07-28 18:45:49.368 [ http-nio-8801-exec-8 ] - [ DEBUG ] [ com.simon.blog.dao.UserMapper.selectById : 143 ] - <==      Total: 1
2020-07-28 18:45:49.370 [ http-nio-8801-exec-8 ] - [ DEBUG ] [ com.simon.blog.dao.BlogMapper.findCountTypeName : 143 ] - ==>  Preparing: select type_id,type_name, count(*) as 'count' from t_blog group by type_id order by count(*) DESC limit 5 
2020-07-28 18:45:49.371 [ http-nio-8801-exec-8 ] - [ DEBUG ] [ com.simon.blog.dao.BlogMapper.findCountTypeName : 143 ] - ==> Parameters: 
2020-07-28 18:45:49.374 [ http-nio-8801-exec-8 ] - [ DEBUG ] [ com.simon.blog.dao.BlogMapper.findCountTypeName : 143 ] - <==      Total: 3
2020-07-28 18:45:49.378 [ http-nio-8801-exec-8 ] - [ DEBUG ] [ com.simon.blog.dao.BlogMapper.selectList : 143 ] - ==>  Preparing: SELECT id,title,description,content,firstPicture,flag,views,appreciation,shareStatement,commentabled,published,recommend,createTime,updateTime,type_id,user_id,type_name FROM t_blog WHERE (recommend = ?) 
2020-07-28 18:45:49.379 [ http-nio-8801-exec-8 ] - [ DEBUG ] [ com.simon.blog.dao.BlogMapper.selectList : 143 ] - ==> Parameters: 1(Integer)
2020-07-28 18:45:49.384 [ http-nio-8801-exec-8 ] - [ DEBUG ] [ com.simon.blog.dao.BlogMapper.selectList : 143 ] - <==      Total: 4
2020-07-28 18:45:49.387 [ http-nio-8801-exec-8 ] - [ DEBUG ] [ com.simon.blog.dao.BlogTagMapper.findCountTag : 143 ] - ==>  Preparing: select t_tag_id, COUNT(*) AS `count` from t_blog_tag group by t_tag_id order by count(*) DESC LIMIT 10 
2020-07-28 18:45:49.391 [ http-nio-8801-exec-8 ] - [ DEBUG ] [ com.simon.blog.dao.BlogTagMapper.findCountTag : 143 ] - ==> Parameters: 
2020-07-28 18:45:49.393 [ http-nio-8801-exec-8 ] - [ DEBUG ] [ com.simon.blog.dao.BlogTagMapper.findCountTag : 143 ] - <==      Total: 4
2020-07-28 18:45:49.396 [ http-nio-8801-exec-8 ] - [ DEBUG ] [ com.simon.blog.dao.TagMapper.selectById : 143 ] - ==>  Preparing: SELECT id,name FROM t_tag WHERE id=? 
2020-07-28 18:45:49.398 [ http-nio-8801-exec-8 ] - [ DEBUG ] [ com.simon.blog.dao.TagMapper.selectById : 143 ] - ==> Parameters: 1(Long)
2020-07-28 18:45:49.400 [ http-nio-8801-exec-8 ] - [ DEBUG ] [ com.simon.blog.dao.TagMapper.selectById : 143 ] - <==      Total: 1
2020-07-28 18:45:49.402 [ http-nio-8801-exec-8 ] - [ DEBUG ] [ com.simon.blog.dao.TagMapper.selectById : 143 ] - ==>  Preparing: SELECT id,name FROM t_tag WHERE id=? 
2020-07-28 18:45:49.403 [ http-nio-8801-exec-8 ] - [ DEBUG ] [ com.simon.blog.dao.TagMapper.selectById : 143 ] - ==> Parameters: 4(Long)
2020-07-28 18:45:49.406 [ http-nio-8801-exec-8 ] - [ DEBUG ] [ com.simon.blog.dao.TagMapper.selectById : 143 ] - <==      Total: 1
2020-07-28 18:45:49.409 [ http-nio-8801-exec-8 ] - [ DEBUG ] [ com.simon.blog.dao.TagMapper.selectById : 143 ] - ==>  Preparing: SELECT id,name FROM t_tag WHERE id=? 
2020-07-28 18:45:49.410 [ http-nio-8801-exec-8 ] - [ DEBUG ] [ com.simon.blog.dao.TagMapper.selectById : 143 ] - ==> Parameters: 7(Long)
2020-07-28 18:45:49.412 [ http-nio-8801-exec-8 ] - [ DEBUG ] [ com.simon.blog.dao.TagMapper.selectById : 143 ] - <==      Total: 1
2020-07-28 18:45:49.414 [ http-nio-8801-exec-8 ] - [ DEBUG ] [ com.simon.blog.dao.TagMapper.selectById : 143 ] - ==>  Preparing: SELECT id,name FROM t_tag WHERE id=? 
2020-07-28 18:45:49.415 [ http-nio-8801-exec-8 ] - [ DEBUG ] [ com.simon.blog.dao.TagMapper.selectById : 143 ] - ==> Parameters: 8(Long)
2020-07-28 18:45:49.416 [ http-nio-8801-exec-8 ] - [ DEBUG ] [ com.simon.blog.dao.TagMapper.selectById : 143 ] - <==      Total: 1
2020-07-28 18:45:49.417 [ http-nio-8801-exec-8 ] - [ INFO  ] [ com.simon.blog.Aspact.LogAspact : 58 ] - result : index
2020-07-28 18:45:51.320 [ http-nio-8801-exec-7 ] - [ INFO  ] [ com.simon.blog.Aspact.LogAspact : 45 ] - Requect : {url='http://localhost:8801/', ip='0:0:0:0:0:0:0:1', classMethod='com.simon.blog.web.IndexController.index', args=[{}, org.apache.catalina.connector.RequestFacade@7efa4863]}
2020-07-28 18:45:51.323 [ http-nio-8801-exec-7 ] - [ DEBUG ] [ com.simon.blog.dao.BlogMapper.selectPage : 143 ] - ==>  Preparing: SELECT COUNT(1) FROM t_blog 
2020-07-28 18:45:51.323 [ http-nio-8801-exec-7 ] - [ DEBUG ] [ com.simon.blog.dao.BlogMapper.selectPage : 143 ] - ==> Parameters: 
2020-07-28 18:45:51.325 [ http-nio-8801-exec-7 ] - [ DEBUG ] [ com.simon.blog.dao.BlogMapper.selectPage : 143 ] - ==>  Preparing: SELECT id,title,description,content,firstPicture,flag,views,appreciation,shareStatement,commentabled,published,recommend,createTime,updateTime,type_id,user_id,type_name FROM t_blog LIMIT ?,? 
2020-07-28 18:45:51.326 [ http-nio-8801-exec-7 ] - [ DEBUG ] [ com.simon.blog.dao.BlogMapper.selectPage : 143 ] - ==> Parameters: 0(Long), 3(Long)
2020-07-28 18:45:51.330 [ http-nio-8801-exec-7 ] - [ DEBUG ] [ com.simon.blog.dao.BlogMapper.selectPage : 143 ] - <==      Total: 3
2020-07-28 18:45:51.332 [ http-nio-8801-exec-7 ] - [ DEBUG ] [ com.simon.blog.dao.UserMapper.selectById : 143 ] - ==>  Preparing: SELECT id,nickName,userName,password,email,avatar,type,createTime FROM t_user WHERE id=? 
2020-07-28 18:45:51.332 [ http-nio-8801-exec-7 ] - [ DEBUG ] [ com.simon.blog.dao.UserMapper.selectById : 143 ] - ==> Parameters: 1(Long)
2020-07-28 18:45:51.333 [ http-nio-8801-exec-7 ] - [ DEBUG ] [ com.simon.blog.dao.UserMapper.selectById : 143 ] - <==      Total: 1
2020-07-28 18:45:51.335 [ http-nio-8801-exec-7 ] - [ DEBUG ] [ com.simon.blog.dao.BlogMapper.findCountTypeName : 143 ] - ==>  Preparing: select type_id,type_name, count(*) as 'count' from t_blog group by type_id order by count(*) DESC limit 5 
2020-07-28 18:45:51.335 [ http-nio-8801-exec-7 ] - [ DEBUG ] [ com.simon.blog.dao.BlogMapper.findCountTypeName : 143 ] - ==> Parameters: 
2020-07-28 18:45:51.339 [ http-nio-8801-exec-7 ] - [ DEBUG ] [ com.simon.blog.dao.BlogMapper.findCountTypeName : 143 ] - <==      Total: 3
2020-07-28 18:45:51.343 [ http-nio-8801-exec-7 ] - [ DEBUG ] [ com.simon.blog.dao.BlogMapper.selectList : 143 ] - ==>  Preparing: SELECT id,title,description,content,firstPicture,flag,views,appreciation,shareStatement,commentabled,published,recommend,createTime,updateTime,type_id,user_id,type_name FROM t_blog WHERE (recommend = ?) 
2020-07-28 18:45:51.344 [ http-nio-8801-exec-7 ] - [ DEBUG ] [ com.simon.blog.dao.BlogMapper.selectList : 143 ] - ==> Parameters: 1(Integer)
2020-07-28 18:45:51.350 [ http-nio-8801-exec-7 ] - [ DEBUG ] [ com.simon.blog.dao.BlogMapper.selectList : 143 ] - <==      Total: 4
2020-07-28 18:45:51.352 [ http-nio-8801-exec-7 ] - [ DEBUG ] [ com.simon.blog.dao.BlogTagMapper.findCountTag : 143 ] - ==>  Preparing: select t_tag_id, COUNT(*) AS `count` from t_blog_tag group by t_tag_id order by count(*) DESC LIMIT 10 
2020-07-28 18:45:51.352 [ http-nio-8801-exec-7 ] - [ DEBUG ] [ com.simon.blog.dao.BlogTagMapper.findCountTag : 143 ] - ==> Parameters: 
2020-07-28 18:45:51.355 [ http-nio-8801-exec-7 ] - [ DEBUG ] [ com.simon.blog.dao.BlogTagMapper.findCountTag : 143 ] - <==      Total: 4
2020-07-28 18:45:51.357 [ http-nio-8801-exec-7 ] - [ DEBUG ] [ com.simon.blog.dao.TagMapper.selectById : 143 ] - ==>  Preparing: SELECT id,name FROM t_tag WHERE id=? 
2020-07-28 18:45:51.358 [ http-nio-8801-exec-7 ] - [ DEBUG ] [ com.simon.blog.dao.TagMapper.selectById : 143 ] - ==> Parameters: 1(Long)
2020-07-28 18:45:51.360 [ http-nio-8801-exec-7 ] - [ DEBUG ] [ com.simon.blog.dao.TagMapper.selectById : 143 ] - <==      Total: 1
2020-07-28 18:45:51.361 [ http-nio-8801-exec-7 ] - [ DEBUG ] [ com.simon.blog.dao.TagMapper.selectById : 143 ] - ==>  Preparing: SELECT id,name FROM t_tag WHERE id=? 
2020-07-28 18:45:51.362 [ http-nio-8801-exec-7 ] - [ DEBUG ] [ com.simon.blog.dao.TagMapper.selectById : 143 ] - ==> Parameters: 4(Long)
2020-07-28 18:45:51.363 [ http-nio-8801-exec-7 ] - [ DEBUG ] [ com.simon.blog.dao.TagMapper.selectById : 143 ] - <==      Total: 1
2020-07-28 18:45:51.364 [ http-nio-8801-exec-7 ] - [ DEBUG ] [ com.simon.blog.dao.TagMapper.selectById : 143 ] - ==>  Preparing: SELECT id,name FROM t_tag WHERE id=? 
2020-07-28 18:45:51.364 [ http-nio-8801-exec-7 ] - [ DEBUG ] [ com.simon.blog.dao.TagMapper.selectById : 143 ] - ==> Parameters: 7(Long)
2020-07-28 18:45:51.365 [ http-nio-8801-exec-7 ] - [ DEBUG ] [ com.simon.blog.dao.TagMapper.selectById : 143 ] - <==      Total: 1
2020-07-28 18:45:51.366 [ http-nio-8801-exec-7 ] - [ DEBUG ] [ com.simon.blog.dao.TagMapper.selectById : 143 ] - ==>  Preparing: SELECT id,name FROM t_tag WHERE id=? 
2020-07-28 18:45:51.367 [ http-nio-8801-exec-7 ] - [ DEBUG ] [ com.simon.blog.dao.TagMapper.selectById : 143 ] - ==> Parameters: 8(Long)
2020-07-28 18:45:51.368 [ http-nio-8801-exec-7 ] - [ DEBUG ] [ com.simon.blog.dao.TagMapper.selectById : 143 ] - <==      Total: 1
2020-07-28 18:45:51.368 [ http-nio-8801-exec-7 ] - [ INFO  ] [ com.simon.blog.Aspact.LogAspact : 58 ] - result : index
2020-07-28 18:45:53.900 [ http-nio-8801-exec-6 ] - [ INFO  ] [ com.simon.blog.Aspact.LogAspact : 45 ] - Requect : {url='http://localhost:8801/types/-1', ip='0:0:0:0:0:0:0:1', classMethod='com.simon.blog.web.TypeShowController.types', args=[-1, {}, org.apache.catalina.connector.RequestFacade@3f298b3f]}
2020-07-28 18:45:53.912 [ http-nio-8801-exec-6 ] - [ DEBUG ] [ com.simon.blog.dao.TypeMapper.typeAndCount : 143 ] - ==>  Preparing: SELECT e.name, e.id `id`,d.id as `blogId`,COUNT(*) as `count` from t_type e Left JOIN t_blog d on d.type_id = e.id group by e.id order by count(*) DESC LIMIT 100 
2020-07-28 18:45:53.913 [ http-nio-8801-exec-6 ] - [ DEBUG ] [ com.simon.blog.dao.TypeMapper.typeAndCount : 143 ] - ==> Parameters: 
2020-07-28 18:45:53.921 [ http-nio-8801-exec-6 ] - [ DEBUG ] [ com.simon.blog.dao.TypeMapper.typeAndCount : 143 ] - <==      Total: 5
2020-07-28 18:45:53.926 [ http-nio-8801-exec-6 ] - [ DEBUG ] [ com.simon.blog.dao.BlogMapper.selectList : 143 ] - ==>  Preparing: SELECT id,title,description,content,firstPicture,flag,views,appreciation,shareStatement,commentabled,published,recommend,createTime,updateTime,type_id,user_id,type_name FROM t_blog WHERE (type_id = ?) 
2020-07-28 18:45:53.927 [ http-nio-8801-exec-6 ] - [ DEBUG ] [ com.simon.blog.dao.BlogMapper.selectList : 143 ] - ==> Parameters: 21(Long)
2020-07-28 18:45:53.930 [ http-nio-8801-exec-6 ] - [ DEBUG ] [ com.simon.blog.dao.BlogMapper.selectList : 143 ] - <==      Total: 2
2020-07-28 18:45:53.932 [ http-nio-8801-exec-6 ] - [ DEBUG ] [ com.simon.blog.dao.TypeMapper.selectById : 143 ] - ==>  Preparing: SELECT id,name FROM t_type WHERE id=? 
2020-07-28 18:45:53.933 [ http-nio-8801-exec-6 ] - [ DEBUG ] [ com.simon.blog.dao.TypeMapper.selectById : 143 ] - ==> Parameters: 21(Long)
2020-07-28 18:45:53.934 [ http-nio-8801-exec-6 ] - [ DEBUG ] [ com.simon.blog.dao.TypeMapper.selectById : 143 ] - <==      Total: 1
2020-07-28 18:45:53.945 [ http-nio-8801-exec-6 ] - [ DEBUG ] [ com.simon.blog.dao.BlogMapper.selectPage : 143 ] - ==>  Preparing: SELECT COUNT(1) FROM t_blog WHERE (type_name = ?) 
2020-07-28 18:45:53.946 [ http-nio-8801-exec-6 ] - [ DEBUG ] [ com.simon.blog.dao.BlogMapper.selectPage : 143 ] - ==> Parameters: 学习知识点(String)
2020-07-28 18:45:53.948 [ http-nio-8801-exec-6 ] - [ DEBUG ] [ com.simon.blog.dao.BlogMapper.selectPage : 143 ] - ==>  Preparing: SELECT id,title,description,content,firstPicture,flag,views,appreciation,shareStatement,commentabled,published,recommend,createTime,updateTime,type_id,user_id,type_name FROM t_blog WHERE (type_name = ?) LIMIT ?,? 
2020-07-28 18:45:53.948 [ http-nio-8801-exec-6 ] - [ DEBUG ] [ com.simon.blog.dao.BlogMapper.selectPage : 143 ] - ==> Parameters: 学习知识点(String), 0(Long), 3(Long)
2020-07-28 18:45:53.950 [ http-nio-8801-exec-6 ] - [ DEBUG ] [ com.simon.blog.dao.BlogMapper.selectPage : 143 ] - <==      Total: 2
2020-07-28 18:45:53.957 [ http-nio-8801-exec-6 ] - [ DEBUG ] [ com.simon.blog.dao.TagMapper.findTagByBlogId : 143 ] - ==>  Preparing: SELECT * FROM t_tag e RIGHT JOIN (select * FROM t_blog_tag where t_blog_id = ?) t ON t.t_tag_id = e.id ORDER BY e.id 
2020-07-28 18:45:53.957 [ http-nio-8801-exec-6 ] - [ DEBUG ] [ com.simon.blog.dao.TagMapper.findTagByBlogId : 143 ] - ==> Parameters: 3(Long)
2020-07-28 18:45:53.959 [ http-nio-8801-exec-6 ] - [ DEBUG ] [ com.simon.blog.dao.TagMapper.findTagByBlogId : 143 ] - <==      Total: 2
2020-07-28 18:45:53.961 [ http-nio-8801-exec-6 ] - [ DEBUG ] [ com.simon.blog.dao.TagMapper.findTagByBlogId : 143 ] - ==>  Preparing: SELECT * FROM t_tag e RIGHT JOIN (select * FROM t_blog_tag where t_blog_id = ?) t ON t.t_tag_id = e.id ORDER BY e.id 
2020-07-28 18:45:53.962 [ http-nio-8801-exec-6 ] - [ DEBUG ] [ com.simon.blog.dao.TagMapper.findTagByBlogId : 143 ] - ==> Parameters: 4(Long)
2020-07-28 18:45:53.964 [ http-nio-8801-exec-6 ] - [ DEBUG ] [ com.simon.blog.dao.TagMapper.findTagByBlogId : 143 ] - <==      Total: 2
2020-07-28 18:45:53.967 [ http-nio-8801-exec-6 ] - [ DEBUG ] [ com.simon.blog.dao.UserMapper.selectById : 143 ] - ==>  Preparing: SELECT id,nickName,userName,password,email,avatar,type,createTime FROM t_user WHERE id=? 
2020-07-28 18:45:53.968 [ http-nio-8801-exec-6 ] - [ DEBUG ] [ com.simon.blog.dao.UserMapper.selectById : 143 ] - ==> Parameters: 1(Long)
2020-07-28 18:45:53.972 [ http-nio-8801-exec-6 ] - [ DEBUG ] [ com.simon.blog.dao.UserMapper.selectById : 143 ] - <==      Total: 1
2020-07-28 18:45:53.972 [ http-nio-8801-exec-6 ] - [ INFO  ] [ com.simon.blog.Aspact.LogAspact : 58 ] - result : types
2020-07-28 18:46:00.370 [ http-nio-8801-exec-1 ] - [ INFO  ] [ com.simon.blog.Aspact.LogAspact : 45 ] - Requect : {url='http://localhost:8801/types/1', ip='0:0:0:0:0:0:0:1', classMethod='com.simon.blog.web.TypeShowController.types', args=[1, {}, org.apache.catalina.connector.RequestFacade@3f298b3f]}
2020-07-28 18:46:00.373 [ http-nio-8801-exec-1 ] - [ DEBUG ] [ com.simon.blog.dao.TypeMapper.typeAndCount : 143 ] - ==>  Preparing: SELECT e.name, e.id `id`,d.id as `blogId`,COUNT(*) as `count` from t_type e Left JOIN t_blog d on d.type_id = e.id group by e.id order by count(*) DESC LIMIT 100 
2020-07-28 18:46:00.374 [ http-nio-8801-exec-1 ] - [ DEBUG ] [ com.simon.blog.dao.TypeMapper.typeAndCount : 143 ] - ==> Parameters: 
2020-07-28 18:46:00.377 [ http-nio-8801-exec-1 ] - [ DEBUG ] [ com.simon.blog.dao.TypeMapper.typeAndCount : 143 ] - <==      Total: 5
2020-07-28 18:46:00.380 [ http-nio-8801-exec-1 ] - [ DEBUG ] [ com.simon.blog.dao.BlogMapper.selectList : 143 ] - ==>  Preparing: SELECT id,title,description,content,firstPicture,flag,views,appreciation,shareStatement,commentabled,published,recommend,createTime,updateTime,type_id,user_id,type_name FROM t_blog WHERE (type_id = ?) 
2020-07-28 18:46:00.382 [ http-nio-8801-exec-1 ] - [ DEBUG ] [ com.simon.blog.dao.BlogMapper.selectList : 143 ] - ==> Parameters: 1(Long)
2020-07-28 18:46:00.384 [ http-nio-8801-exec-1 ] - [ DEBUG ] [ com.simon.blog.dao.BlogMapper.selectList : 143 ] - <==      Total: 1
2020-07-28 18:46:00.387 [ http-nio-8801-exec-1 ] - [ DEBUG ] [ com.simon.blog.dao.TypeMapper.selectById : 143 ] - ==>  Preparing: SELECT id,name FROM t_type WHERE id=? 
2020-07-28 18:46:00.388 [ http-nio-8801-exec-1 ] - [ DEBUG ] [ com.simon.blog.dao.TypeMapper.selectById : 143 ] - ==> Parameters: 1(Long)
2020-07-28 18:46:00.389 [ http-nio-8801-exec-1 ] - [ DEBUG ] [ com.simon.blog.dao.TypeMapper.selectById : 143 ] - <==      Total: 1
2020-07-28 18:46:00.394 [ http-nio-8801-exec-1 ] - [ DEBUG ] [ com.simon.blog.dao.BlogMapper.selectPage : 143 ] - ==>  Preparing: SELECT COUNT(1) FROM t_blog WHERE (type_name = ?) 
2020-07-28 18:46:00.396 [ http-nio-8801-exec-1 ] - [ DEBUG ] [ com.simon.blog.dao.BlogMapper.selectPage : 143 ] - ==> Parameters: JAVA(String)
2020-07-28 18:46:00.411 [ http-nio-8801-exec-1 ] - [ DEBUG ] [ com.simon.blog.dao.BlogMapper.selectPage : 143 ] - ==>  Preparing: SELECT id,title,description,content,firstPicture,flag,views,appreciation,shareStatement,commentabled,published,recommend,createTime,updateTime,type_id,user_id,type_name FROM t_blog WHERE (type_name = ?) LIMIT ?,? 
2020-07-28 18:46:00.411 [ http-nio-8801-exec-1 ] - [ DEBUG ] [ com.simon.blog.dao.BlogMapper.selectPage : 143 ] - ==> Parameters: JAVA(String), 0(Long), 3(Long)
2020-07-28 18:46:00.413 [ http-nio-8801-exec-1 ] - [ DEBUG ] [ com.simon.blog.dao.BlogMapper.selectPage : 143 ] - <==      Total: 1
2020-07-28 18:46:00.414 [ http-nio-8801-exec-1 ] - [ DEBUG ] [ com.simon.blog.dao.TagMapper.findTagByBlogId : 143 ] - ==>  Preparing: SELECT * FROM t_tag e RIGHT JOIN (select * FROM t_blog_tag where t_blog_id = ?) t ON t.t_tag_id = e.id ORDER BY e.id 
2020-07-28 18:46:00.415 [ http-nio-8801-exec-1 ] - [ DEBUG ] [ com.simon.blog.dao.TagMapper.findTagByBlogId : 143 ] - ==> Parameters: 2(Long)
2020-07-28 18:46:00.416 [ http-nio-8801-exec-1 ] - [ DEBUG ] [ com.simon.blog.dao.TagMapper.findTagByBlogId : 143 ] - <==      Total: 1
2020-07-28 18:46:00.417 [ http-nio-8801-exec-1 ] - [ DEBUG ] [ com.simon.blog.dao.UserMapper.selectById : 143 ] - ==>  Preparing: SELECT id,nickName,userName,password,email,avatar,type,createTime FROM t_user WHERE id=? 
2020-07-28 18:46:00.417 [ http-nio-8801-exec-1 ] - [ DEBUG ] [ com.simon.blog.dao.UserMapper.selectById : 143 ] - ==> Parameters: 1(Long)
2020-07-28 18:46:00.420 [ http-nio-8801-exec-1 ] - [ DEBUG ] [ com.simon.blog.dao.UserMapper.selectById : 143 ] - <==      Total: 1
2020-07-28 18:46:00.420 [ http-nio-8801-exec-1 ] - [ INFO  ] [ com.simon.blog.Aspact.LogAspact : 58 ] - result : types
2020-07-28 18:46:02.898 [ http-nio-8801-exec-5 ] - [ INFO  ] [ com.simon.blog.Aspact.LogAspact : 45 ] - Requect : {url='http://localhost:8801/tags/-1', ip='0:0:0:0:0:0:0:1', classMethod='com.simon.blog.web.TagShowController.tags', args=[-1, {}, org.apache.catalina.connector.RequestFacade@7efa4863]}
2020-07-28 18:46:02.902 [ http-nio-8801-exec-5 ] - [ DEBUG ] [ com.simon.blog.dao.TagMapper.tagAndCount : 143 ] - ==>  Preparing: SELECT e.name, e.id `id`,d.t_blog_id as `blogId`,COUNT(*) as `count` from t_tag e Left JOIN t_blog_tag d on d.t_tag_id = e.id group by e.id order by count(*) DESC LIMIT 100 
2020-07-28 18:46:02.902 [ http-nio-8801-exec-5 ] - [ DEBUG ] [ com.simon.blog.dao.TagMapper.tagAndCount : 143 ] - ==> Parameters: 
2020-07-28 18:46:02.911 [ http-nio-8801-exec-5 ] - [ DEBUG ] [ com.simon.blog.dao.TagMapper.tagAndCount : 143 ] - <==      Total: 9
2020-07-28 18:46:02.912 [ http-nio-8801-exec-5 ] - [ DEBUG ] [ com.simon.blog.dao.BlogMapper.findBlogByTagId : 143 ] - ==>  Preparing: SELECT * FROM t_blog e RIGHT JOIN (SELECT t_blog_id FROM t_blog_tag WHERE t_tag_id = ?) t ON t.t_blog_id = e.id 
2020-07-28 18:46:02.913 [ http-nio-8801-exec-5 ] - [ DEBUG ] [ com.simon.blog.dao.BlogMapper.findBlogByTagId : 143 ] - ==> Parameters: 1(Long)
2020-07-28 18:46:02.915 [ http-nio-8801-exec-5 ] - [ DEBUG ] [ com.simon.blog.dao.BlogMapper.findBlogByTagId : 143 ] - <==      Total: 4
2020-07-28 18:46:02.921 [ http-nio-8801-exec-5 ] - [ DEBUG ] [ com.simon.blog.dao.BlogMapper.pageByTagId : 143 ] - ==>  Preparing: SELECT COUNT(1) FROM t_blog e RIGHT JOIN (SELECT t_blog_id FROM t_blog_tag WHERE t_tag_id = ?) t ON t.t_blog_id = e.id 
2020-07-28 18:46:02.922 [ http-nio-8801-exec-5 ] - [ DEBUG ] [ com.simon.blog.dao.BlogMapper.pageByTagId : 143 ] - ==> Parameters: 1(Long)
2020-07-28 18:46:02.924 [ http-nio-8801-exec-5 ] - [ DEBUG ] [ com.simon.blog.dao.BlogMapper.pageByTagId : 143 ] - ==>  Preparing: SELECT * FROM t_blog e RIGHT JOIN (SELECT t_blog_id FROM t_blog_tag WHERE t_tag_id = ?) t ON t.t_blog_id = e.id ORDER BY e.id LIMIT ?,? 
2020-07-28 18:46:02.925 [ http-nio-8801-exec-5 ] - [ DEBUG ] [ com.simon.blog.dao.BlogMapper.pageByTagId : 143 ] - ==> Parameters: 1(Long), 0(Long), 3(Long)
2020-07-28 18:46:02.941 [ http-nio-8801-exec-5 ] - [ DEBUG ] [ com.simon.blog.dao.BlogMapper.pageByTagId : 143 ] - <==      Total: 3
2020-07-28 18:46:02.942 [ http-nio-8801-exec-5 ] - [ DEBUG ] [ com.simon.blog.dao.TagMapper.findTagByBlogId : 143 ] - ==>  Preparing: SELECT * FROM t_tag e RIGHT JOIN (select * FROM t_blog_tag where t_blog_id = ?) t ON t.t_tag_id = e.id ORDER BY e.id 
2020-07-28 18:46:02.942 [ http-nio-8801-exec-5 ] - [ DEBUG ] [ com.simon.blog.dao.TagMapper.findTagByBlogId : 143 ] - ==> Parameters: 1(Long)
2020-07-28 18:46:02.944 [ http-nio-8801-exec-5 ] - [ DEBUG ] [ com.simon.blog.dao.TagMapper.findTagByBlogId : 143 ] - <==      Total: 2
2020-07-28 18:46:02.945 [ http-nio-8801-exec-5 ] - [ DEBUG ] [ com.simon.blog.dao.TagMapper.findTagByBlogId : 143 ] - ==>  Preparing: SELECT * FROM t_tag e RIGHT JOIN (select * FROM t_blog_tag where t_blog_id = ?) t ON t.t_tag_id = e.id ORDER BY e.id 
2020-07-28 18:46:02.945 [ http-nio-8801-exec-5 ] - [ DEBUG ] [ com.simon.blog.dao.TagMapper.findTagByBlogId : 143 ] - ==> Parameters: 2(Long)
2020-07-28 18:46:02.946 [ http-nio-8801-exec-5 ] - [ DEBUG ] [ com.simon.blog.dao.TagMapper.findTagByBlogId : 143 ] - <==      Total: 1
2020-07-28 18:46:02.947 [ http-nio-8801-exec-5 ] - [ DEBUG ] [ com.simon.blog.dao.TagMapper.findTagByBlogId : 143 ] - ==>  Preparing: SELECT * FROM t_tag e RIGHT JOIN (select * FROM t_blog_tag where t_blog_id = ?) t ON t.t_tag_id = e.id ORDER BY e.id 
2020-07-28 18:46:02.948 [ http-nio-8801-exec-5 ] - [ DEBUG ] [ com.simon.blog.dao.TagMapper.findTagByBlogId : 143 ] - ==> Parameters: 3(Long)
2020-07-28 18:46:02.949 [ http-nio-8801-exec-5 ] - [ DEBUG ] [ com.simon.blog.dao.TagMapper.findTagByBlogId : 143 ] - <==      Total: 2
2020-07-28 18:46:02.950 [ http-nio-8801-exec-5 ] - [ DEBUG ] [ com.simon.blog.dao.UserMapper.selectById : 143 ] - ==>  Preparing: SELECT id,nickName,userName,password,email,avatar,type,createTime FROM t_user WHERE id=? 
2020-07-28 18:46:02.950 [ http-nio-8801-exec-5 ] - [ DEBUG ] [ com.simon.blog.dao.UserMapper.selectById : 143 ] - ==> Parameters: 1(Long)
2020-07-28 18:46:02.952 [ http-nio-8801-exec-5 ] - [ DEBUG ] [ com.simon.blog.dao.UserMapper.selectById : 143 ] - <==      Total: 1
2020-07-28 18:46:02.954 [ http-nio-8801-exec-5 ] - [ INFO  ] [ com.simon.blog.Aspact.LogAspact : 58 ] - result : tags
2020-07-28 18:46:09.059 [ http-nio-8801-exec-10 ] - [ INFO  ] [ com.simon.blog.Aspact.LogAspact : 45 ] - Requect : {url='http://localhost:8801/tags/8', ip='0:0:0:0:0:0:0:1', classMethod='com.simon.blog.web.TagShowController.tags', args=[8, {}, org.apache.catalina.connector.RequestFacade@73b810f8]}
2020-07-28 18:46:09.061 [ http-nio-8801-exec-10 ] - [ DEBUG ] [ com.simon.blog.dao.TagMapper.tagAndCount : 143 ] - ==>  Preparing: SELECT e.name, e.id `id`,d.t_blog_id as `blogId`,COUNT(*) as `count` from t_tag e Left JOIN t_blog_tag d on d.t_tag_id = e.id group by e.id order by count(*) DESC LIMIT 100 
2020-07-28 18:46:09.062 [ http-nio-8801-exec-10 ] - [ DEBUG ] [ com.simon.blog.dao.TagMapper.tagAndCount : 143 ] - ==> Parameters: 
2020-07-28 18:46:09.065 [ http-nio-8801-exec-10 ] - [ DEBUG ] [ com.simon.blog.dao.TagMapper.tagAndCount : 143 ] - <==      Total: 9
2020-07-28 18:46:09.067 [ http-nio-8801-exec-10 ] - [ DEBUG ] [ com.simon.blog.dao.BlogMapper.findBlogByTagId : 143 ] - ==>  Preparing: SELECT * FROM t_blog e RIGHT JOIN (SELECT t_blog_id FROM t_blog_tag WHERE t_tag_id = ?) t ON t.t_blog_id = e.id 
2020-07-28 18:46:09.068 [ http-nio-8801-exec-10 ] - [ DEBUG ] [ com.simon.blog.dao.BlogMapper.findBlogByTagId : 143 ] - ==> Parameters: 8(Long)
2020-07-28 18:46:09.070 [ http-nio-8801-exec-10 ] - [ DEBUG ] [ com.simon.blog.dao.BlogMapper.findBlogByTagId : 143 ] - <==      Total: 1
2020-07-28 18:46:09.073 [ http-nio-8801-exec-10 ] - [ DEBUG ] [ com.simon.blog.dao.BlogMapper.pageByTagId : 143 ] - ==>  Preparing: SELECT COUNT(1) FROM t_blog e RIGHT JOIN (SELECT t_blog_id FROM t_blog_tag WHERE t_tag_id = ?) t ON t.t_blog_id = e.id 
2020-07-28 18:46:09.073 [ http-nio-8801-exec-10 ] - [ DEBUG ] [ com.simon.blog.dao.BlogMapper.pageByTagId : 143 ] - ==> Parameters: 8(Long)
2020-07-28 18:46:09.075 [ http-nio-8801-exec-10 ] - [ DEBUG ] [ com.simon.blog.dao.BlogMapper.pageByTagId : 143 ] - ==>  Preparing: SELECT * FROM t_blog e RIGHT JOIN (SELECT t_blog_id FROM t_blog_tag WHERE t_tag_id = ?) t ON t.t_blog_id = e.id ORDER BY e.id LIMIT ?,? 
2020-07-28 18:46:09.076 [ http-nio-8801-exec-10 ] - [ DEBUG ] [ com.simon.blog.dao.BlogMapper.pageByTagId : 143 ] - ==> Parameters: 8(Long), 0(Long), 3(Long)
2020-07-28 18:46:09.079 [ http-nio-8801-exec-10 ] - [ DEBUG ] [ com.simon.blog.dao.BlogMapper.pageByTagId : 143 ] - <==      Total: 1
2020-07-28 18:46:09.081 [ http-nio-8801-exec-10 ] - [ DEBUG ] [ com.simon.blog.dao.TagMapper.findTagByBlogId : 143 ] - ==>  Preparing: SELECT * FROM t_tag e RIGHT JOIN (select * FROM t_blog_tag where t_blog_id = ?) t ON t.t_tag_id = e.id ORDER BY e.id 
2020-07-28 18:46:09.082 [ http-nio-8801-exec-10 ] - [ DEBUG ] [ com.simon.blog.dao.TagMapper.findTagByBlogId : 143 ] - ==> Parameters: 4(Long)
2020-07-28 18:46:09.083 [ http-nio-8801-exec-10 ] - [ DEBUG ] [ com.simon.blog.dao.TagMapper.findTagByBlogId : 143 ] - <==      Total: 2
2020-07-28 18:46:09.086 [ http-nio-8801-exec-10 ] - [ DEBUG ] [ com.simon.blog.dao.UserMapper.selectById : 143 ] - ==>  Preparing: SELECT id,nickName,userName,password,email,avatar,type,createTime FROM t_user WHERE id=? 
2020-07-28 18:46:09.087 [ http-nio-8801-exec-10 ] - [ DEBUG ] [ com.simon.blog.dao.UserMapper.selectById : 143 ] - ==> Parameters: 1(Long)
2020-07-28 18:46:09.088 [ http-nio-8801-exec-10 ] - [ DEBUG ] [ com.simon.blog.dao.UserMapper.selectById : 143 ] - <==      Total: 1
2020-07-28 18:46:09.089 [ http-nio-8801-exec-10 ] - [ INFO  ] [ com.simon.blog.Aspact.LogAspact : 58 ] - result : tags
2020-07-28 18:46:11.393 [ http-nio-8801-exec-3 ] - [ INFO  ] [ com.simon.blog.Aspact.LogAspact : 45 ] - Requect : {url='http://localhost:8801/archives', ip='0:0:0:0:0:0:0:1', classMethod='com.simon.blog.web.ArchivesController.archives', args=[{}]}
2020-07-28 18:46:11.398 [ http-nio-8801-exec-3 ] - [ DEBUG ] [ com.simon.blog.dao.BlogMapper.getBlogByUpdateYear : 143 ] - ==>  Preparing: SELECT distinct date_format(updateTime,'%Y') AS year FROM t_blog ORDER BY year Desc 
2020-07-28 18:46:11.399 [ http-nio-8801-exec-3 ] - [ DEBUG ] [ com.simon.blog.dao.BlogMapper.getBlogByUpdateYear : 143 ] - ==> Parameters: 
2020-07-28 18:46:11.414 [ http-nio-8801-exec-3 ] - [ DEBUG ] [ com.simon.blog.dao.BlogMapper.getBlogByUpdateYear : 143 ] - <==      Total: 2
2020-07-28 18:46:11.419 [ http-nio-8801-exec-3 ] - [ DEBUG ] [ com.simon.blog.dao.BlogMapper.selectList : 143 ] - ==>  Preparing: SELECT id,title,description,content,firstPicture,flag,views,appreciation,shareStatement,commentabled,published,recommend,createTime,updateTime,type_id,user_id,type_name FROM t_blog WHERE (updateTime LIKE ?) 
2020-07-28 18:46:11.420 [ http-nio-8801-exec-3 ] - [ DEBUG ] [ com.simon.blog.dao.BlogMapper.selectList : 143 ] - ==> Parameters: %2020%(String)
2020-07-28 18:46:11.425 [ http-nio-8801-exec-3 ] - [ DEBUG ] [ com.simon.blog.dao.BlogMapper.selectList : 143 ] - <==      Total: 3
2020-07-28 18:46:11.427 [ http-nio-8801-exec-3 ] - [ DEBUG ] [ com.simon.blog.dao.BlogMapper.selectList : 143 ] - ==>  Preparing: SELECT id,title,description,content,firstPicture,flag,views,appreciation,shareStatement,commentabled,published,recommend,createTime,updateTime,type_id,user_id,type_name FROM t_blog WHERE (updateTime LIKE ?) 
2020-07-28 18:46:11.427 [ http-nio-8801-exec-3 ] - [ DEBUG ] [ com.simon.blog.dao.BlogMapper.selectList : 143 ] - ==> Parameters: %2018%(String)
2020-07-28 18:46:11.428 [ http-nio-8801-exec-3 ] - [ DEBUG ] [ com.simon.blog.dao.BlogMapper.selectList : 143 ] - <==      Total: 1
2020-07-28 18:46:11.430 [ http-nio-8801-exec-3 ] - [ DEBUG ] [ com.simon.blog.dao.BlogMapper.selectCount : 143 ] - ==>  Preparing: SELECT COUNT( 1 ) FROM t_blog 
2020-07-28 18:46:11.430 [ http-nio-8801-exec-3 ] - [ DEBUG ] [ com.simon.blog.dao.BlogMapper.selectCount : 143 ] - ==> Parameters: 
2020-07-28 18:46:11.432 [ http-nio-8801-exec-3 ] - [ DEBUG ] [ com.simon.blog.dao.BlogMapper.selectCount : 143 ] - <==      Total: 1
2020-07-28 18:46:11.432 [ http-nio-8801-exec-3 ] - [ INFO  ] [ com.simon.blog.Aspact.LogAspact : 58 ] - result : archives
2020-07-28 18:47:11.957 [ restartedMain ] - [ INFO  ] [ com.simon.blog.BlogApplication : 55 ] - Starting BlogApplication on Simon with PID 4544 (D:\developProject\my-project\blog\target\classes started by 吴倩 in D:\developProject\my-project\blog)
2020-07-28 18:47:11.961 [ restartedMain ] - [ DEBUG ] [ com.simon.blog.BlogApplication : 56 ] - Running with Spring Boot v2.3.1.RELEASE, Spring v5.2.7.RELEASE
2020-07-28 18:47:11.962 [ restartedMain ] - [ INFO  ] [ com.simon.blog.BlogApplication : 651 ] - No active profile set, falling back to default profiles: default
2020-07-28 18:47:14.463 [ restartedMain ] - [ INFO  ] [ org.apache.coyote.http11.Http11NioProtocol : 173 ] - Initializing ProtocolHandler ["http-nio-8801"]
2020-07-28 18:47:14.464 [ restartedMain ] - [ INFO  ] [ org.apache.catalina.core.StandardService : 173 ] - Starting service [Tomcat]
2020-07-28 18:47:14.464 [ restartedMain ] - [ INFO  ] [ org.apache.catalina.core.StandardEngine : 173 ] - Starting Servlet engine: [Apache Tomcat/9.0.36]
2020-07-28 18:47:14.685 [ restartedMain ] - [ INFO  ] [ o.a.c.core.ContainerBase.[Tomcat].[localhost].[/] : 173 ] - Initializing Spring embedded WebApplicationContext
2020-07-28 18:47:15.234 [ restartedMain ] - [ WARN  ] [ c.b.mybatisplus.core.metadata.TableInfoHelper : 301 ] - Can not find table primary key in Class: "com.simon.blog.pojo.BlogTagRelation".
2020-07-28 18:47:18.066 [ restartedMain ] - [ INFO  ] [ org.apache.coyote.http11.Http11NioProtocol : 173 ] - Starting ProtocolHandler ["http-nio-8801"]
2020-07-28 18:47:18.115 [ restartedMain ] - [ INFO  ] [ com.simon.blog.BlogApplication : 61 ] - Started BlogApplication in 7.0 seconds (JVM running for 8.732)
2020-07-28 18:47:30.232 [ http-nio-8801-exec-1 ] - [ INFO  ] [ o.a.c.core.ContainerBase.[Tomcat].[localhost].[/] : 173 ] - Initializing Spring DispatcherServlet 'dispatcherServlet'
2020-07-28 18:47:30.281 [ http-nio-8801-exec-1 ] - [ INFO  ] [ com.simon.blog.Aspact.LogAspact : 45 ] - Requect : {url='http://localhost:8801/', ip='0:0:0:0:0:0:0:1', classMethod='com.simon.blog.web.IndexController.index', args=[{}, org.apache.catalina.connector.RequestFacade@114df944]}
2020-07-28 18:47:30.341 [ http-nio-8801-exec-1 ] - [ INFO  ] [ com.zaxxer.hikari.HikariDataSource : 110 ] - HikariPool-1 - Starting...
2020-07-28 18:47:30.472 [ http-nio-8801-exec-1 ] - [ INFO  ] [ com.zaxxer.hikari.HikariDataSource : 123 ] - HikariPool-1 - Start completed.
2020-07-28 18:47:30.516 [ http-nio-8801-exec-1 ] - [ DEBUG ] [ com.simon.blog.dao.BlogMapper.selectPage : 143 ] - ==>  Preparing: SELECT COUNT(1) FROM t_blog 
2020-07-28 18:47:30.539 [ http-nio-8801-exec-1 ] - [ DEBUG ] [ com.simon.blog.dao.BlogMapper.selectPage : 143 ] - ==> Parameters: 
2020-07-28 18:47:30.564 [ http-nio-8801-exec-1 ] - [ DEBUG ] [ com.simon.blog.dao.BlogMapper.selectPage : 143 ] - ==>  Preparing: SELECT id,title,description,content,firstPicture,flag,views,appreciation,shareStatement,commentabled,published,recommend,createTime,updateTime,type_id,user_id,type_name FROM t_blog LIMIT ?,? 
2020-07-28 18:47:30.565 [ http-nio-8801-exec-1 ] - [ DEBUG ] [ com.simon.blog.dao.BlogMapper.selectPage : 143 ] - ==> Parameters: 0(Long), 3(Long)
2020-07-28 18:47:30.577 [ http-nio-8801-exec-1 ] - [ DEBUG ] [ com.simon.blog.dao.BlogMapper.selectPage : 143 ] - <==      Total: 3
2020-07-28 18:47:30.583 [ http-nio-8801-exec-1 ] - [ DEBUG ] [ com.simon.blog.dao.UserMapper.selectById : 143 ] - ==>  Preparing: SELECT id,nickName,userName,password,email,avatar,type,createTime FROM t_user WHERE id=? 
2020-07-28 18:47:30.584 [ http-nio-8801-exec-1 ] - [ DEBUG ] [ com.simon.blog.dao.UserMapper.selectById : 143 ] - ==> Parameters: 1(Long)
2020-07-28 18:47:30.588 [ http-nio-8801-exec-1 ] - [ DEBUG ] [ com.simon.blog.dao.UserMapper.selectById : 143 ] - <==      Total: 1
2020-07-28 18:47:30.590 [ http-nio-8801-exec-1 ] - [ DEBUG ] [ com.simon.blog.dao.BlogMapper.findCountTypeName : 143 ] - ==>  Preparing: select type_id,type_name, count(*) as 'count' from t_blog group by type_id order by count(*) DESC limit 5 
2020-07-28 18:47:30.591 [ http-nio-8801-exec-1 ] - [ DEBUG ] [ com.simon.blog.dao.BlogMapper.findCountTypeName : 143 ] - ==> Parameters: 
2020-07-28 18:47:30.593 [ http-nio-8801-exec-1 ] - [ DEBUG ] [ com.simon.blog.dao.BlogMapper.findCountTypeName : 143 ] - <==      Total: 3
2020-07-28 18:47:30.622 [ http-nio-8801-exec-1 ] - [ DEBUG ] [ com.simon.blog.dao.BlogMapper.selectList : 143 ] - ==>  Preparing: SELECT id,title,description,content,firstPicture,flag,views,appreciation,shareStatement,commentabled,published,recommend,createTime,updateTime,type_id,user_id,type_name FROM t_blog WHERE (recommend = ?) 
2020-07-28 18:47:30.623 [ http-nio-8801-exec-1 ] - [ DEBUG ] [ com.simon.blog.dao.BlogMapper.selectList : 143 ] - ==> Parameters: 1(Integer)
2020-07-28 18:47:30.627 [ http-nio-8801-exec-1 ] - [ DEBUG ] [ com.simon.blog.dao.BlogMapper.selectList : 143 ] - <==      Total: 4
2020-07-28 18:47:30.632 [ http-nio-8801-exec-1 ] - [ DEBUG ] [ com.simon.blog.dao.BlogTagMapper.findCountTag : 143 ] - ==>  Preparing: select t_tag_id, COUNT(*) AS `count` from t_blog_tag group by t_tag_id order by count(*) DESC LIMIT 10 
2020-07-28 18:47:30.632 [ http-nio-8801-exec-1 ] - [ DEBUG ] [ com.simon.blog.dao.BlogTagMapper.findCountTag : 143 ] - ==> Parameters: 
2020-07-28 18:47:30.635 [ http-nio-8801-exec-1 ] - [ DEBUG ] [ com.simon.blog.dao.BlogTagMapper.findCountTag : 143 ] - <==      Total: 4
2020-07-28 18:47:30.636 [ http-nio-8801-exec-1 ] - [ DEBUG ] [ com.simon.blog.dao.TagMapper.selectById : 143 ] - ==>  Preparing: SELECT id,name FROM t_tag WHERE id=? 
2020-07-28 18:47:30.637 [ http-nio-8801-exec-1 ] - [ DEBUG ] [ com.simon.blog.dao.TagMapper.selectById : 143 ] - ==> Parameters: 1(Long)
2020-07-28 18:47:30.639 [ http-nio-8801-exec-1 ] - [ DEBUG ] [ com.simon.blog.dao.TagMapper.selectById : 143 ] - <==      Total: 1
2020-07-28 18:47:30.640 [ http-nio-8801-exec-1 ] - [ DEBUG ] [ com.simon.blog.dao.TagMapper.selectById : 143 ] - ==>  Preparing: SELECT id,name FROM t_tag WHERE id=? 
2020-07-28 18:47:30.641 [ http-nio-8801-exec-1 ] - [ DEBUG ] [ com.simon.blog.dao.TagMapper.selectById : 143 ] - ==> Parameters: 4(Long)
2020-07-28 18:47:30.642 [ http-nio-8801-exec-1 ] - [ DEBUG ] [ com.simon.blog.dao.TagMapper.selectById : 143 ] - <==      Total: 1
2020-07-28 18:47:30.644 [ http-nio-8801-exec-1 ] - [ DEBUG ] [ com.simon.blog.dao.TagMapper.selectById : 143 ] - ==>  Preparing: SELECT id,name FROM t_tag WHERE id=? 
2020-07-28 18:47:30.644 [ http-nio-8801-exec-1 ] - [ DEBUG ] [ com.simon.blog.dao.TagMapper.selectById : 143 ] - ==> Parameters: 7(Long)
2020-07-28 18:47:30.645 [ http-nio-8801-exec-1 ] - [ DEBUG ] [ com.simon.blog.dao.TagMapper.selectById : 143 ] - <==      Total: 1
2020-07-28 18:47:30.646 [ http-nio-8801-exec-1 ] - [ DEBUG ] [ com.simon.blog.dao.TagMapper.selectById : 143 ] - ==>  Preparing: SELECT id,name FROM t_tag WHERE id=? 
2020-07-28 18:47:30.647 [ http-nio-8801-exec-1 ] - [ DEBUG ] [ com.simon.blog.dao.TagMapper.selectById : 143 ] - ==> Parameters: 8(Long)
2020-07-28 18:47:30.648 [ http-nio-8801-exec-1 ] - [ DEBUG ] [ com.simon.blog.dao.TagMapper.selectById : 143 ] - <==      Total: 1
2020-07-28 18:47:30.649 [ http-nio-8801-exec-1 ] - [ INFO  ] [ com.simon.blog.Aspact.LogAspact : 58 ] - result : index
